[INFO   ] [Kivy        ] v1.10.0
[INFO   ] [Python      ] v2.7.12 (default, Jun 22 2017, 04:10:45) 
[GCC 4.9.x 20150123 (prerelease)]
[INFO   ] [Factory     ] 194 symbols loaded
[INFO   ] [Image       ] Providers: img_tex, img_dds, img_pygame, img_pil, img_gif (img_ffpyplayer ignored)
[INFO   ] [Camera      ] Provider: android
[INFO   ] [Text        ] Provider: pygame
[INFO   ] [Window      ] Provider: pygame
[INFO   ] [GL          ] Using the "OpenGL ES 2" graphics system
[INFO   ] [GL          ] Backend used <gl>
[INFO   ] [GL          ] OpenGL version <OpenGL ES 3.1 V@145.0 (GIT@Iebe23be877)>
[INFO   ] [GL          ] OpenGL vendor <Qualcomm>
[INFO   ] [GL          ] OpenGL renderer <Adreno (TM) 505>
[INFO   ] [GL          ] OpenGL parsed version: 3, 1
[INFO   ] [GL          ] Texture max size <16384>
[INFO   ] [GL          ] Texture max units <16>
[INFO   ] [Support     ] Android install hooks
[INFO   ] [Window      ] virtual keyboard not allowed, single mode, not docked
[INFO   ] [GL          ] NPOT texture support is available
[INFO   ] [OSC         ] using <multiprocessing> for socket
[INFO   ] [Base        ] Start application main loop
[INFO   ] [Android     ] found 17 joystick
[INFO   ] [Android     ] create joystick <0>
[INFO   ] [Android     ] discard joystick <0> cause no button
[INFO   ] [Android     ] create joystick <1>
[INFO   ] [Android     ] create joystick <2>
[INFO   ] [Android     ] create joystick <3>
[INFO   ] [Android     ] create joystick <4>
[INFO   ] [Android     ] create joystick <5>
[INFO   ] [Android     ] create joystick <6>
[INFO   ] [Android     ] create joystick <7>
[INFO   ] [Android     ] create joystick <8>
[INFO   ] [Android     ] create joystick <9>
[INFO   ] [Android     ] create joystick <10>
[INFO   ] [Android     ] create joystick <11>
[INFO   ] [Android     ] create joystick <12>
[INFO   ] [Android     ] create joystick <13>
[INFO   ] [Android     ] create joystick <14>
[INFO   ] [Android     ] create joystick <15>
[INFO   ] [Android     ] create joystick <16>
[ERROR  ] [Base        ] Failed to import "android" module. Could not remove android presplash.

[u'']

0
1
2
3
4
5
6
7
8
9
10
zhi
[u'zhi']
zhi
0
1
2
3
4
5
6
7
8
9
10
[INFO   ] [Base        ] Leaving application in progress...

